<?xml version="1.0" encoding="UTF-8"?>
<!-- Generated by org.testng.reporters.JUnitXMLReporter -->
<testsuite ignored="0" hostname="LAPTOP-LURRNF8O" failures="0" tests="6" name="Test" time="0.05" errors="0" timestamp="2022-09-22T11:52:23 IST">
  <testcase classname="SuteAnnotationPractice.TestCase1" name="m1" time="0.007"/>
  <testcase classname="SuteAnnotationPractice.TestCase1" name="m2" time="0.001"/>
  <testcase classname="SuteAnnotationPractice.TestCase1" name="m3" time="0.001"/>
  <testcase classname="SuteAnnotationPractice.TestCase2" name="m4" time="0.002"/>
  <testcase classname="SuteAnnotationPractice.TestCase2" name="m5" time="0.0"/>
  <testcase classname="SuteAnnotationPractice.TestCase2" name="m6" time="0.002"/>
</testsuite> <!-- Test -->
