<?xml version="1.0" encoding="UTF-8"?>
<!-- Generated by org.testng.reporters.JUnitXMLReporter -->
<testsuite ignored="6" hostname="LAPTOP-LURRNF8O" failures="0" tests="3" name="Smoke Test" time="0.054" errors="0" timestamp="2022-09-23T19:05:45 IST">
  <testcase classname="GroupingPractice.TestCase1" name="test1" time="0.006"/>
  <testcase classname="GroupingPractice.TestCase2" name="test4" time="0.001"/>
  <testcase classname="GroupingPractice.TastCase3" name="test7" time="0.002"/>
  <testcase classname="GroupingPractice.TastCase3" name="test8" time="0.0">
    <ignored/>
  </testcase> <!-- test8 -->
  <testcase classname="GroupingPractice.TastCase3" name="test9" time="0.0">
    <ignored/>
  </testcase> <!-- test9 -->
  <testcase classname="GroupingPractice.TestCase2" name="test6" time="0.0">
    <ignored/>
  </testcase> <!-- test6 -->
  <testcase classname="GroupingPractice.TestCase2" name="test5" time="0.0">
    <ignored/>
  </testcase> <!-- test5 -->
  <testcase classname="GroupingPractice.TestCase1" name="test2" time="0.0">
    <ignored/>
  </testcase> <!-- test2 -->
  <testcase classname="GroupingPractice.TestCase1" name="test3" time="0.0">
    <ignored/>
  </testcase> <!-- test3 -->
</testsuite> <!-- Smoke Test -->
