<?xml version="1.0" encoding="UTF-8"?>
<!-- Generated by org.testng.reporters.JUnitXMLReporter -->
<testsuite ignored="0" hostname="LAPTOP-LURRNF8O" failures="0" tests="6" name="Chrome Browser Test" time="5.53" errors="0" timestamp="2022-09-30T11:50:26 IST">
  <testcase classname="ParamitrazationCrossBrowser.AllCrossBrower" name="CrossBrowserTesting" time="5.162"/>
  <testcase classname="ParamitrazationCrossBrowser.AllCrossBrower" name="verifyCurrentURL" time="0.013"/>
  <testcase classname="ParamitrazationCrossBrowser.AllCrossBrower" name="verifygetTitle" time="0.008"/>
  <testcase classname="ParamitrazationCrossBrowser.AllCrossBrower" name="verifyUserNameField" time="0.091"/>
  <testcase classname="ParamitrazationCrossBrowser.AllCrossBrower" name="verifyPasswardField" time="0.122"/>
  <testcase classname="ParamitrazationCrossBrowser.AllCrossBrower" name="clickloginbutton" time="0.078"/>
</testsuite> <!-- Chrome Browser Test -->
