<?xml version="1.0" encoding="UTF-8"?>
<!-- Generated by org.testng.reporters.JUnitXMLReporter -->
<testsuite ignored="0" hostname="LAPTOP-LURRNF8O" failures="0" tests="6" name="firefox Browser Test" time="9.716" errors="0" timestamp="2022-09-30T11:50:30 IST">
  <testcase classname="ParamitrazationCrossBrowser.AllCrossBrower" name="CrossBrowserTesting" time="7.203"/>
  <testcase classname="ParamitrazationCrossBrowser.AllCrossBrower" name="verifyCurrentURL" time="0.007"/>
  <testcase classname="ParamitrazationCrossBrowser.AllCrossBrower" name="verifygetTitle" time="0.013"/>
  <testcase classname="ParamitrazationCrossBrowser.AllCrossBrower" name="verifyUserNameField" time="0.103"/>
  <testcase classname="ParamitrazationCrossBrowser.AllCrossBrower" name="verifyPasswardField" time="0.062"/>
  <testcase classname="ParamitrazationCrossBrowser.AllCrossBrower" name="clickloginbutton" time="2.276"/>
</testsuite> <!-- firefox Browser Test -->
