<?xml version="1.0" encoding="UTF-8"?>
<!-- Generated by org.testng.reporters.JUnitXMLReporter -->
<testsuite ignored="3" hostname="LAPTOP-LURRNF8O" failures="0" tests="6" name="Functional Test" time="0.049" errors="0" timestamp="2022-09-24T19:16:29 IST">
  <testcase classname="GroupingPractice.TestCase1" name="test2" time="0.005"/>
  <testcase classname="GroupingPractice.TestCase1" name="test3" time="0.001"/>
  <testcase classname="GroupingPractice.TestCase2" name="test5" time="0.001"/>
  <testcase classname="GroupingPractice.TestCase2" name="test6" time="0.001"/>
  <testcase classname="GroupingPractice.TastCase3" name="test8" time="0.001"/>
  <testcase classname="GroupingPractice.TastCase3" name="test9" time="0.001"/>
  <testcase classname="GroupingPractice.TestCase2" name="test4" time="0.0">
    <ignored/>
  </testcase> <!-- test4 -->
  <testcase classname="GroupingPractice.TestCase1" name="test1" time="0.0">
    <ignored/>
  </testcase> <!-- test1 -->
  <testcase classname="GroupingPractice.TastCase3" name="test7" time="0.0">
    <ignored/>
  </testcase> <!-- test7 -->
</testsuite> <!-- Functional Test -->
