<?xml version="1.0" encoding="UTF-8"?>
<testng-results ignored="0" total="2" passed="2" failed="0" skipped="0">
  <reporter-output>
    <line>
      <![CDATA[VerifyFacebookLoginPageLogo]]>
    </line>
    <line>
      <![CDATA[VerifyFacebookLoginPageTagline]]>
    </line>
    <line>
      <![CDATA[VeryFyFacebookLOginPageCreatNewAccountBtn]]>
    </line>
    <line>
      <![CDATA[VeriFyFacebookLoginPageForgotPasswardlink]]>
    </line>
    <line>
      <![CDATA[VerifyFacebookLoginPageFooterlinksSize]]>
    </line>
    <line>
      <![CDATA[SetFacebookLoginPageUsername]]>
    </line>
    <line>
      <![CDATA[SetFacebookLoginPagePassward]]>
    </line>
    <line>
      <![CDATA[ClickFacebookLoginPageLoginbtn]]>
    </line>
  </reporter-output>
  <suite started-at="2022-10-03T17:08:06 IST" name="FunctionalSuite" finished-at="2022-10-03T17:08:19 IST" duration-ms="13259">
    <groups>
    </groups>
    <test started-at="2022-10-03T17:08:06 IST" name="Functional Test" finished-at="2022-10-03T17:08:19 IST" duration-ms="13259">
      <class name="PomWithPageFactoryPractice.LoginPageTest">
        <test-method is-config="true" signature="setup()[pri:0, instance:PomWithPageFactoryPractice.LoginPageTest@3514a4c0]" started-at="2022-10-03T17:08:14 IST" name="setup" finished-at="2022-10-03T17:08:18 IST" duration-ms="4188" status="PASS">
          <reporter-output>
          </reporter-output>
        </test-method> <!-- setup -->
        <test-method signature="FacebookLoginPageTest()[pri:0, instance:PomWithPageFactoryPractice.LoginPageTest@3514a4c0]" started-at="2022-10-03T17:08:18 IST" name="FacebookLoginPageTest" finished-at="2022-10-03T17:08:19 IST" duration-ms="444" status="PASS">
          <reporter-output>
            <line>
              <![CDATA[VerifyFacebookLoginPageLogo]]>
            </line>
            <line>
              <![CDATA[VerifyFacebookLoginPageTagline]]>
            </line>
            <line>
              <![CDATA[VeryFyFacebookLOginPageCreatNewAccountBtn]]>
            </line>
            <line>
              <![CDATA[VeriFyFacebookLoginPageForgotPasswardlink]]>
            </line>
            <line>
              <![CDATA[VerifyFacebookLoginPageFooterlinksSize]]>
            </line>
            <line>
              <![CDATA[SetFacebookLoginPageUsername]]>
            </line>
            <line>
              <![CDATA[SetFacebookLoginPagePassward]]>
            </line>
            <line>
              <![CDATA[ClickFacebookLoginPageLoginbtn]]>
            </line>
          </reporter-output>
        </test-method> <!-- FacebookLoginPageTest -->
        <test-method is-config="true" signature="teardown()[pri:0, instance:PomWithPageFactoryPractice.LoginPageTest@3514a4c0]" started-at="2022-10-03T17:08:19 IST" name="teardown" finished-at="2022-10-03T17:08:19 IST" duration-ms="1" status="PASS">
          <reporter-output>
          </reporter-output>
        </test-method> <!-- teardown -->
      </class> <!-- PomWithPageFactoryPractice.LoginPageTest -->
      <class name="PomWithPageFactoryPractice.RegistrtionTest">
        <test-method is-config="true" signature="setup()[pri:0, instance:PomWithPageFactoryPractice.RegistrtionTest@6d3a388c]" started-at="2022-10-03T17:08:06 IST" name="setup" finished-at="2022-10-03T17:08:11 IST" duration-ms="5432" status="PASS">
          <reporter-output>
          </reporter-output>
        </test-method> <!-- setup -->
        <test-method signature="FacebookregistrationPageTest_Positive()[pri:0, instance:PomWithPageFactoryPractice.RegistrtionTest@6d3a388c]" started-at="2022-10-03T17:08:11 IST" name="FacebookregistrationPageTest_Positive" finished-at="2022-10-03T17:08:14 IST" duration-ms="3158" status="PASS">
          <reporter-output>
          </reporter-output>
        </test-method> <!-- FacebookregistrationPageTest_Positive -->
        <test-method is-config="true" signature="teardown()[pri:0, instance:PomWithPageFactoryPractice.RegistrtionTest@6d3a388c]" started-at="2022-10-03T17:08:14 IST" name="teardown" finished-at="2022-10-03T17:08:14 IST" duration-ms="0" status="PASS">
          <reporter-output>
          </reporter-output>
        </test-method> <!-- teardown -->
      </class> <!-- PomWithPageFactoryPractice.RegistrtionTest -->
    </test> <!-- Functional Test -->
  </suite> <!-- FunctionalSuite -->
</testng-results>
