<?xml version="1.0" encoding="UTF-8"?>
<!-- Generated by org.testng.reporters.JUnitXMLReporter -->
<testsuite ignored="0" hostname="LAPTOP-LURRNF8O" failures="0" tests="9" name="Full Test" time="0.061" errors="0" timestamp="2022-09-24T19:13:33 IST">
  <testcase classname="GroupingPractice.TestCase2" name="test4" time="0.006"/>
  <testcase classname="GroupingPractice.TestCase2" name="test5" time="0.0"/>
  <testcase classname="GroupingPractice.TestCase2" name="test6" time="0.0"/>
  <testcase classname="GroupingPractice.TestCase1" name="test1" time="0.001"/>
  <testcase classname="GroupingPractice.TestCase1" name="test2" time="0.0"/>
  <testcase classname="GroupingPractice.TestCase1" name="test3" time="0.001"/>
  <testcase classname="GroupingPractice.TastCase3" name="test7" time="0.001"/>
  <testcase classname="GroupingPractice.TastCase3" name="test8" time="0.001"/>
  <testcase classname="GroupingPractice.TastCase3" name="test9" time="0.001"/>
</testsuite> <!-- Full Test -->
