<?xml version="1.0" encoding="UTF-8"?>
<!-- Generated by org.testng.reporters.JUnitXMLReporter -->
<testsuite ignored="0" hostname="LAPTOP-LURRNF8O" failures="0" tests="2" name="Functional Test" time="13.259" errors="0" timestamp="2022-10-03T17:08:19 IST">
  <testcase classname="PomWithPageFactoryPractice.RegistrtionTest" name="FacebookregistrationPageTest_Positive" time="3.158"/>
  <testcase classname="PomWithPageFactoryPractice.LoginPageTest" name="FacebookLoginPageTest" time="0.444"/>
</testsuite> <!-- Functional Test -->
